2019-12-09 11:56:56.964 [main] WARN  org.springframework.boot.StartupInfoLogger - InetAddress.getLocalHost().getHostName() took 5003 milliseconds to respond. Please verify your network configuration (macOS machines may need to add entries to /etc/hosts).
2019-12-09 11:57:01.973 [main] INFO  com.darjuan.mall.api.MallApp - Starting MallApp on liujianbos-MacBook-Pro.local with PID 19187 (/Users/liujianbo/proj/v-mall/mall-api/target/classes started by liujianbo in /Users/liujianbo/proj/v-mall)
2019-12-09 11:57:01.974 [main] INFO  com.darjuan.mall.api.MallApp - The following profiles are active: dev
2019-12-09 11:57:02.459 [main] INFO  com.darjuan.mall.api.config.JobStartCondition - 是否启动job:true
2019-12-09 11:57:02.476 [main] INFO  com.darjuan.mall.api.config.JobStartCondition - 是否启动job:true
2019-12-09 11:57:03.066 [main] INFO  com.darjuan.mall.api.config.JobStartCondition - 是否启动job:true
2019-12-09 11:57:03.885 [main] INFO  o.s.boot.web.embedded.tomcat.TomcatWebServer - Tomcat initialized with port(s): 8095 (http)
2019-12-09 11:57:03.895 [main] INFO  org.apache.coyote.http11.Http11NioProtocol - Initializing ProtocolHandler ["http-nio-8095"]
2019-12-09 11:57:03.897 [main] INFO  org.apache.catalina.core.StandardService - Starting service [Tomcat]
2019-12-09 11:57:03.898 [main] INFO  org.apache.catalina.core.StandardEngine - Starting Servlet engine: [Apache Tomcat/9.0.29]
2019-12-09 11:57:03.983 [main] INFO  o.a.c.core.ContainerBase.[Tomcat].[localhost].[/] - Initializing Spring embedded WebApplicationContext
2019-12-09 11:57:03.983 [main] INFO  org.springframework.web.context.ContextLoader - Root WebApplicationContext: initialization completed in 1764 ms
2019-12-09 11:57:04.061 [main] WARN  o.s.b.w.s.c.AnnotationConfigServletWebServerApplicationContext - Exception encountered during context initialization - cancelling refresh attempt: org.springframework.beans.factory.UnsatisfiedDependencyException: Error creating bean with name 'xxlJobConfig': Unsatisfied dependency expressed through field 'port'; nested exception is org.springframework.beans.TypeMismatchException: Failed to convert value of type 'java.lang.String' to required type 'int'; nested exception is java.lang.NumberFormatException: For input string: ""
2019-12-09 11:57:04.065 [main] INFO  org.apache.catalina.core.StandardService - Stopping service [Tomcat]
2019-12-09 11:57:04.089 [main] INFO  o.s.b.a.l.ConditionEvaluationReportLoggingListener - 

Error starting ApplicationContext. To display the conditions report re-run your application with 'debug' enabled.
2019-12-09 11:57:04.108 [main] ERROR org.springframework.boot.SpringApplication - Application run failed
org.springframework.beans.factory.UnsatisfiedDependencyException: Error creating bean with name 'xxlJobConfig': Unsatisfied dependency expressed through field 'port'; nested exception is org.springframework.beans.TypeMismatchException: Failed to convert value of type 'java.lang.String' to required type 'int'; nested exception is java.lang.NumberFormatException: For input string: ""
	at org.springframework.beans.factory.annotation.AutowiredAnnotationBeanPostProcessor$AutowiredFieldElement.inject(AutowiredAnnotationBeanPostProcessor.java:643)
	at org.springframework.beans.factory.annotation.InjectionMetadata.inject(InjectionMetadata.java:116)
	at org.springframework.beans.factory.annotation.AutowiredAnnotationBeanPostProcessor.postProcessProperties(AutowiredAnnotationBeanPostProcessor.java:399)
	at org.springframework.beans.factory.support.AbstractAutowireCapableBeanFactory.populateBean(AbstractAutowireCapableBeanFactory.java:1422)
	at org.springframework.beans.factory.support.AbstractAutowireCapableBeanFactory.doCreateBean(AbstractAutowireCapableBeanFactory.java:594)
	at org.springframework.beans.factory.support.AbstractAutowireCapableBeanFactory.createBean(AbstractAutowireCapableBeanFactory.java:517)
	at org.springframework.beans.factory.support.AbstractBeanFactory.lambda$doGetBean$0(AbstractBeanFactory.java:323)
	at org.springframework.beans.factory.support.DefaultSingletonBeanRegistry.getSingleton(DefaultSingletonBeanRegistry.java:222)
	at org.springframework.beans.factory.support.AbstractBeanFactory.doGetBean(AbstractBeanFactory.java:321)
	at org.springframework.beans.factory.support.AbstractBeanFactory.getBean(AbstractBeanFactory.java:202)
	at org.springframework.beans.factory.support.DefaultListableBeanFactory.preInstantiateSingletons(DefaultListableBeanFactory.java:879)
	at org.springframework.context.support.AbstractApplicationContext.finishBeanFactoryInitialization(AbstractApplicationContext.java:878)
	at org.springframework.context.support.AbstractApplicationContext.refresh(AbstractApplicationContext.java:550)
	at org.springframework.boot.web.servlet.context.ServletWebServerApplicationContext.refresh(ServletWebServerApplicationContext.java:141)
	at org.springframework.boot.SpringApplication.refresh(SpringApplication.java:747)
	at org.springframework.boot.SpringApplication.refreshContext(SpringApplication.java:397)
	at org.springframework.boot.SpringApplication.run(SpringApplication.java:315)
	at org.springframework.boot.SpringApplication.run(SpringApplication.java:1226)
	at org.springframework.boot.SpringApplication.run(SpringApplication.java:1215)
	at com.darjuan.mall.api.MallApp.main(MallApp.java:31)
Caused by: org.springframework.beans.TypeMismatchException: Failed to convert value of type 'java.lang.String' to required type 'int'; nested exception is java.lang.NumberFormatException: For input string: ""
	at org.springframework.beans.TypeConverterSupport.convertIfNecessary(TypeConverterSupport.java:79)
	at org.springframework.beans.factory.support.DefaultListableBeanFactory.doResolveDependency(DefaultListableBeanFactory.java:1235)
	at org.springframework.beans.factory.support.DefaultListableBeanFactory.resolveDependency(DefaultListableBeanFactory.java:1207)
	at org.springframework.beans.factory.annotation.AutowiredAnnotationBeanPostProcessor$AutowiredFieldElement.inject(AutowiredAnnotationBeanPostProcessor.java:640)
	... 19 common frames omitted
Caused by: java.lang.NumberFormatException: For input string: ""
	at java.lang.NumberFormatException.forInputString(NumberFormatException.java:65)
	at java.lang.Integer.parseInt(Integer.java:592)
	at java.lang.Integer.valueOf(Integer.java:766)
	at org.springframework.util.NumberUtils.parseNumber(NumberUtils.java:211)
	at org.springframework.beans.propertyeditors.CustomNumberEditor.setAsText(CustomNumberEditor.java:115)
	at org.springframework.beans.TypeConverterDelegate.doConvertTextValue(TypeConverterDelegate.java:429)
	at org.springframework.beans.TypeConverterDelegate.doConvertValue(TypeConverterDelegate.java:402)
	at org.springframework.beans.TypeConverterDelegate.convertIfNecessary(TypeConverterDelegate.java:155)
	at org.springframework.beans.TypeConverterSupport.convertIfNecessary(TypeConverterSupport.java:73)
	... 22 common frames omitted
2019-12-09 11:58:17.956 [main] WARN  org.springframework.boot.StartupInfoLogger - InetAddress.getLocalHost().getHostName() took 5005 milliseconds to respond. Please verify your network configuration (macOS machines may need to add entries to /etc/hosts).
2019-12-09 11:58:22.962 [main] INFO  com.darjuan.mall.api.MallApp - Starting MallApp on liujianbos-MacBook-Pro.local with PID 19214 (/Users/liujianbo/proj/v-mall/mall-api/target/classes started by liujianbo in /Users/liujianbo/proj/v-mall)
2019-12-09 11:58:22.962 [main] INFO  com.darjuan.mall.api.MallApp - The following profiles are active: dev
2019-12-09 11:58:23.308 [main] INFO  com.darjuan.mall.api.config.JobStartCondition - 是否启动job:true
2019-12-09 11:58:23.322 [main] INFO  com.darjuan.mall.api.config.JobStartCondition - 是否启动job:true
2019-12-09 11:58:23.558 [main] INFO  com.darjuan.mall.api.config.JobStartCondition - 是否启动job:true
2019-12-09 11:58:24.072 [main] INFO  o.s.boot.web.embedded.tomcat.TomcatWebServer - Tomcat initialized with port(s): 8095 (http)
2019-12-09 11:58:24.080 [main] INFO  org.apache.coyote.http11.Http11NioProtocol - Initializing ProtocolHandler ["http-nio-8095"]
2019-12-09 11:58:24.080 [main] INFO  org.apache.catalina.core.StandardService - Starting service [Tomcat]
2019-12-09 11:58:24.080 [main] INFO  org.apache.catalina.core.StandardEngine - Starting Servlet engine: [Apache Tomcat/9.0.29]
2019-12-09 11:58:24.157 [main] INFO  o.a.c.core.ContainerBase.[Tomcat].[localhost].[/] - Initializing Spring embedded WebApplicationContext
2019-12-09 11:58:24.157 [main] INFO  org.springframework.web.context.ContextLoader - Root WebApplicationContext: initialization completed in 947 ms
2019-12-09 11:58:44.628 [main] INFO  com.darjuan.mall.api.config.XxlJobConfig - >>>>>>>>>>> xxl-job config init.
2019-12-09 11:58:49.673 [main] INFO  c.xxl.rpc.remoting.provider.XxlRpcProviderFactory - >>>>>>>>>>> xxl-rpc, provider factory add service success. serviceKey = com.xxl.job.core.biz.ExecutorBiz, serviceBean = class com.xxl.job.core.biz.impl.ExecutorBizImpl
2019-12-09 11:58:49.679 [main] INFO  c.xxl.rpc.remoting.provider.XxlRpcProviderFactory - >>>>>>>>>>> xxl-rpc, provider factory add service success. serviceKey = com.xxl.job.core.biz.ExecutorBiz, serviceBean = class com.xxl.job.core.biz.impl.ExecutorBizImpl
2019-12-09 11:58:49.790 [main] INFO  o.s.scheduling.concurrent.ThreadPoolTaskExecutor - Initializing ExecutorService 'applicationTaskExecutor'
2019-12-09 11:58:50.003 [main] INFO  org.apache.coyote.http11.Http11NioProtocol - Starting ProtocolHandler ["http-nio-8095"]
2019-12-09 11:58:50.019 [main] INFO  o.s.boot.web.embedded.tomcat.TomcatWebServer - Tomcat started on port(s): 8095 (http) with context path ''
2019-12-09 11:58:50.022 [main] INFO  com.darjuan.mall.api.MallApp - Started MallApp in 47.377 seconds (JVM running for 53.292)
2019-12-09 11:58:54.797 [Thread-4] INFO  com.xxl.rpc.remoting.net.Server - >>>>>>>>>>> xxl-rpc remoting server start success, nettype = com.xxl.rpc.remoting.net.impl.netty_http.server.NettyHttpServer, port = 9999
2019-12-09 12:00:35.750 [SpringContextShutdownHook] INFO  o.s.scheduling.concurrent.ThreadPoolTaskExecutor - Shutting down ExecutorService 'applicationTaskExecutor'
2019-12-09 12:00:35.752 [SpringContextShutdownHook] INFO  com.xxl.rpc.remoting.net.Server - >>>>>>>>>>> xxl-rpc remoting server destroy success.
2019-12-09 12:00:35.753 [xxl-job, executor TriggerCallbackThread] INFO  com.xxl.job.core.thread.TriggerCallbackThread - >>>>>>>>>>> xxl-job, executor callback thread destory.
2019-12-09 12:00:35.753 [Thread-6] INFO  com.xxl.job.core.thread.TriggerCallbackThread - >>>>>>>>>>> xxl-job, executor retry callback thread destory.
2019-12-09 12:00:59.481 [main] WARN  org.springframework.boot.StartupInfoLogger - InetAddress.getLocalHost().getHostName() took 5006 milliseconds to respond. Please verify your network configuration (macOS machines may need to add entries to /etc/hosts).
2019-12-09 12:01:04.490 [main] INFO  com.darjuan.mall.api.MallApp - Starting MallApp on liujianbos-MacBook-Pro.local with PID 19291 (/Users/liujianbo/proj/v-mall/mall-api/target/classes started by liujianbo in /Users/liujianbo/proj/v-mall)
2019-12-09 12:01:04.491 [main] INFO  com.darjuan.mall.api.MallApp - The following profiles are active: dev
2019-12-09 12:01:05.303 [main] INFO  o.s.boot.web.embedded.tomcat.TomcatWebServer - Tomcat initialized with port(s): 8095 (http)
2019-12-09 12:01:05.309 [main] INFO  org.apache.coyote.http11.Http11NioProtocol - Initializing ProtocolHandler ["http-nio-8095"]
2019-12-09 12:01:05.310 [main] INFO  org.apache.catalina.core.StandardService - Starting service [Tomcat]
2019-12-09 12:01:05.310 [main] INFO  org.apache.catalina.core.StandardEngine - Starting Servlet engine: [Apache Tomcat/9.0.29]
2019-12-09 12:01:05.368 [main] INFO  o.a.c.core.ContainerBase.[Tomcat].[localhost].[/] - Initializing Spring embedded WebApplicationContext
2019-12-09 12:01:05.368 [main] INFO  org.springframework.web.context.ContextLoader - Root WebApplicationContext: initialization completed in 720 ms
2019-12-09 12:01:25.756 [main] INFO  com.darjuan.mall.api.config.XxlJobConfig - >>>>>>>>>>> xxl-job config init.
2019-12-09 12:01:30.787 [main] INFO  c.xxl.rpc.remoting.provider.XxlRpcProviderFactory - >>>>>>>>>>> xxl-rpc, provider factory add service success. serviceKey = com.xxl.job.core.biz.ExecutorBiz, serviceBean = class com.xxl.job.core.biz.impl.ExecutorBizImpl
2019-12-09 12:01:30.795 [main] INFO  c.xxl.rpc.remoting.provider.XxlRpcProviderFactory - >>>>>>>>>>> xxl-rpc, provider factory add service success. serviceKey = com.xxl.job.core.biz.ExecutorBiz, serviceBean = class com.xxl.job.core.biz.impl.ExecutorBizImpl
2019-12-09 12:01:30.891 [main] INFO  o.s.scheduling.concurrent.ThreadPoolTaskExecutor - Initializing ExecutorService 'applicationTaskExecutor'
2019-12-09 12:01:31.060 [main] INFO  org.apache.coyote.http11.Http11NioProtocol - Starting ProtocolHandler ["http-nio-8095"]
2019-12-09 12:01:31.072 [main] INFO  o.s.boot.web.embedded.tomcat.TomcatWebServer - Tomcat started on port(s): 8095 (http) with context path ''
2019-12-09 12:01:31.075 [main] INFO  com.darjuan.mall.api.MallApp - Started MallApp in 46.838 seconds (JVM running for 52.581)
2019-12-09 12:01:35.922 [Thread-97] INFO  com.xxl.rpc.remoting.net.Server - >>>>>>>>>>> xxl-rpc remoting server start success, nettype = com.xxl.rpc.remoting.net.impl.netty_http.server.NettyHttpServer, port = 9999
2019-12-09 12:02:44.385 [SpringContextShutdownHook] INFO  o.s.scheduling.concurrent.ThreadPoolTaskExecutor - Shutting down ExecutorService 'applicationTaskExecutor'
2019-12-09 12:02:44.387 [SpringContextShutdownHook] INFO  com.xxl.rpc.remoting.net.Server - >>>>>>>>>>> xxl-rpc remoting server destroy success.
2019-12-09 12:02:44.387 [xxl-job, executor TriggerCallbackThread] INFO  com.xxl.job.core.thread.TriggerCallbackThread - >>>>>>>>>>> xxl-job, executor callback thread destory.
2019-12-09 12:02:44.387 [Thread-99] INFO  com.xxl.job.core.thread.TriggerCallbackThread - >>>>>>>>>>> xxl-job, executor retry callback thread destory.
2019-12-09 12:03:08.523 [main] WARN  org.springframework.boot.StartupInfoLogger - InetAddress.getLocalHost().getHostName() took 5002 milliseconds to respond. Please verify your network configuration (macOS machines may need to add entries to /etc/hosts).
2019-12-09 12:03:13.528 [main] INFO  com.darjuan.mall.api.MallApp - Starting MallApp on liujianbos-MacBook-Pro.local with PID 19345 (/Users/liujianbo/proj/v-mall/mall-api/target/classes started by liujianbo in /Users/liujianbo/proj/v-mall)
2019-12-09 12:03:13.529 [main] INFO  com.darjuan.mall.api.MallApp - The following profiles are active: dev
2019-12-09 12:03:14.380 [main] INFO  o.s.boot.web.embedded.tomcat.TomcatWebServer - Tomcat initialized with port(s): 8095 (http)
2019-12-09 12:03:14.387 [main] INFO  org.apache.coyote.http11.Http11NioProtocol - Initializing ProtocolHandler ["http-nio-8095"]
2019-12-09 12:03:14.388 [main] INFO  org.apache.catalina.core.StandardService - Starting service [Tomcat]
2019-12-09 12:03:14.388 [main] INFO  org.apache.catalina.core.StandardEngine - Starting Servlet engine: [Apache Tomcat/9.0.29]
2019-12-09 12:03:14.483 [main] INFO  o.a.c.core.ContainerBase.[Tomcat].[localhost].[/] - Initializing Spring embedded WebApplicationContext
2019-12-09 12:03:14.483 [main] INFO  org.springframework.web.context.ContextLoader - Root WebApplicationContext: initialization completed in 789 ms
2019-12-09 12:03:35.139 [main] INFO  com.darjuan.mall.api.config.XxlJobConfig - >>>>>>>>>>> xxl-job config init.
2019-12-09 12:03:40.174 [main] INFO  c.xxl.rpc.remoting.provider.XxlRpcProviderFactory - >>>>>>>>>>> xxl-rpc, provider factory add service success. serviceKey = com.xxl.job.core.biz.ExecutorBiz, serviceBean = class com.xxl.job.core.biz.impl.ExecutorBizImpl
2019-12-09 12:03:40.283 [main] INFO  o.s.scheduling.concurrent.ThreadPoolTaskExecutor - Initializing ExecutorService 'applicationTaskExecutor'
2019-12-09 12:03:40.466 [main] INFO  org.apache.coyote.http11.Http11NioProtocol - Starting ProtocolHandler ["http-nio-8095"]
2019-12-09 12:03:40.484 [main] INFO  o.s.boot.web.embedded.tomcat.TomcatWebServer - Tomcat started on port(s): 8095 (http) with context path ''
2019-12-09 12:03:40.488 [main] INFO  com.darjuan.mall.api.MallApp - Started MallApp in 47.188 seconds (JVM running for 52.929)
2019-12-09 12:03:45.304 [Thread-97] INFO  com.xxl.rpc.remoting.net.Server - >>>>>>>>>>> xxl-rpc remoting server start success, nettype = com.xxl.rpc.remoting.net.impl.netty_http.server.NettyHttpServer, port = 9999
2019-12-09 12:05:25.463 [SpringContextShutdownHook] INFO  o.s.scheduling.concurrent.ThreadPoolTaskExecutor - Shutting down ExecutorService 'applicationTaskExecutor'
2019-12-09 12:05:25.476 [Thread-97] INFO  com.xxl.rpc.remoting.net.Server - >>>>>>>>>>> xxl-rpc remoting server stop.
2019-12-09 12:05:25.492 [xxl-job, executor ExecutorRegistryThread] INFO  com.xxl.job.core.thread.ExecutorRegistryThread - >>>>>>>>>>> xxl-job registry-remove success, registryParam:RegistryParam{registryGroup='EXECUTOR', registryKey='v-mall', registryValue='172.16.38.108:9999'}, registryResult:ReturnT [code=200, msg=null, content=null]
2019-12-09 12:05:25.493 [xxl-job, executor ExecutorRegistryThread] INFO  com.xxl.job.core.thread.ExecutorRegistryThread - >>>>>>>>>>> xxl-job, executor registry thread destory.
2019-12-09 12:05:25.493 [SpringContextShutdownHook] INFO  com.xxl.rpc.remoting.net.Server - >>>>>>>>>>> xxl-rpc remoting server destroy success.
2019-12-09 12:05:25.493 [xxl-job, executor TriggerCallbackThread] INFO  com.xxl.job.core.thread.TriggerCallbackThread - >>>>>>>>>>> xxl-job, executor callback thread destory.
2019-12-09 12:05:25.494 [Thread-86] INFO  com.xxl.job.core.thread.TriggerCallbackThread - >>>>>>>>>>> xxl-job, executor retry callback thread destory.
2019-12-09 12:05:54.411 [main] WARN  org.springframework.boot.StartupInfoLogger - InetAddress.getLocalHost().getHostName() took 5004 milliseconds to respond. Please verify your network configuration (macOS machines may need to add entries to /etc/hosts).
2019-12-09 12:05:59.419 [main] INFO  com.darjuan.mall.api.MallApp - Starting MallApp on liujianbos-MacBook-Pro.local with PID 19429 (/Users/liujianbo/proj/v-mall/mall-api/target/classes started by liujianbo in /Users/liujianbo/proj/v-mall)
2019-12-09 12:05:59.420 [main] INFO  com.darjuan.mall.api.MallApp - The following profiles are active: dev
2019-12-09 12:06:00.326 [main] INFO  o.s.boot.web.embedded.tomcat.TomcatWebServer - Tomcat initialized with port(s): 8095 (http)
2019-12-09 12:06:00.335 [main] INFO  org.apache.coyote.http11.Http11NioProtocol - Initializing ProtocolHandler ["http-nio-8095"]
2019-12-09 12:06:00.335 [main] INFO  org.apache.catalina.core.StandardService - Starting service [Tomcat]
2019-12-09 12:06:00.335 [main] INFO  org.apache.catalina.core.StandardEngine - Starting Servlet engine: [Apache Tomcat/9.0.29]
2019-12-09 12:06:00.403 [main] INFO  o.a.c.core.ContainerBase.[Tomcat].[localhost].[/] - Initializing Spring embedded WebApplicationContext
2019-12-09 12:06:00.404 [main] INFO  org.springframework.web.context.ContextLoader - Root WebApplicationContext: initialization completed in 816 ms
2019-12-09 12:06:20.826 [main] INFO  com.darjuan.mall.api.config.XxlJobConfig - >>>>>>>>>>> xxl-job config init.
2019-12-09 12:06:20.863 [main] INFO  c.xxl.rpc.remoting.provider.XxlRpcProviderFactory - >>>>>>>>>>> xxl-rpc, provider factory add service success. serviceKey = com.xxl.job.core.biz.ExecutorBiz, serviceBean = class com.xxl.job.core.biz.impl.ExecutorBizImpl
2019-12-09 12:06:20.872 [Thread-88] INFO  org.eclipse.jetty.util.log - Logging initialized @47754ms to org.eclipse.jetty.util.log.Slf4jLog
2019-12-09 12:06:20.912 [Thread-88] INFO  org.eclipse.jetty.server.Server - jetty-9.4.24.v20191120; built: 2019-11-20T21:37:49.771Z; git: 363d5f2df3a8a28de40604320230664b9c793c16; jvm 1.8.0_201-b09
2019-12-09 12:06:20.951 [Thread-88] INFO  org.eclipse.jetty.server.AbstractConnector - Started ServerConnector@63473b0b{HTTP/1.1,[http/1.1]}{0.0.0.0:9999}
2019-12-09 12:06:20.952 [Thread-88] INFO  org.eclipse.jetty.server.Server - Started @47833ms
2019-12-09 12:06:20.952 [Thread-88] INFO  com.xxl.rpc.remoting.net.Server - >>>>>>>>>>> xxl-rpc remoting server start success, nettype = com.xxl.rpc.remoting.net.impl.jetty.server.JettyServer, port = 9999
2019-12-09 12:06:20.971 [main] INFO  o.s.scheduling.concurrent.ThreadPoolTaskExecutor - Initializing ExecutorService 'applicationTaskExecutor'
2019-12-09 12:06:21.041 [qtp1164224575-124] INFO  org.eclipse.jetty.util.TypeUtil - JVM Runtime does not support Modules
2019-12-09 12:06:21.106 [Thread-98] INFO  c.x.r.r.invoker.reference.XxlRpcReferenceBean - >>>>>>>>>>> xxl-job, invoke error, address:http://127.0.0.1:8080/xxl-job-admin/api, XxlRpcRequestXxlRpcRequest{requestId='7b2f451e-3e57-4845-9876-1b2050c9ac47', createMillisTime=1575864380954, accessToken='', className='com.xxl.job.core.biz.AdminBiz', methodName='registry', parameterTypes=[class com.xxl.job.core.biz.model.RegistryParam], parameters=[RegistryParam{registGroup='EXECUTOR', registryKey='v-mall', registryValue='172.16.38.108:9999'}], version='null'}
2019-12-09 12:06:21.108 [Thread-98] INFO  com.xxl.job.core.thread.ExecutorRegistryThread - >>>>>>>>>>> xxl-job registry error, registryParam:RegistryParam{registGroup='EXECUTOR', registryKey='v-mall', registryValue='172.16.38.108:9999'}
com.xxl.rpc.util.XxlRpcException: xxl-rpc remoting request fail, http HttpStatus[302] invalid.
	at com.xxl.rpc.remoting.invoker.reference.XxlRpcReferenceBean$1.invoke(XxlRpcReferenceBean.java:161)
	at com.sun.proxy.$Proxy68.registry(Unknown Source)
	at com.xxl.job.core.thread.ExecutorRegistryThread$1.run(ExecutorRegistryThread.java:48)
	at java.lang.Thread.run(Thread.java:748)
2019-12-09 12:06:21.178 [main] INFO  org.apache.coyote.http11.Http11NioProtocol - Starting ProtocolHandler ["http-nio-8095"]
2019-12-09 12:06:21.185 [main] INFO  o.s.boot.web.embedded.tomcat.TomcatWebServer - Tomcat started on port(s): 8095 (http) with context path ''
2019-12-09 12:06:21.187 [main] INFO  com.darjuan.mall.api.MallApp - Started MallApp in 42.086 seconds (JVM running for 48.068)
2019-12-09 12:06:51.118 [Thread-98] INFO  c.x.r.r.invoker.reference.XxlRpcReferenceBean - >>>>>>>>>>> xxl-job, invoke error, address:http://127.0.0.1:8080/xxl-job-admin/api, XxlRpcRequestXxlRpcRequest{requestId='50b9eac1-29ad-4221-9d2b-345ea9426143', createMillisTime=1575864411109, accessToken='', className='com.xxl.job.core.biz.AdminBiz', methodName='registry', parameterTypes=[class com.xxl.job.core.biz.model.RegistryParam], parameters=[RegistryParam{registGroup='EXECUTOR', registryKey='v-mall', registryValue='172.16.38.108:9999'}], version='null'}
2019-12-09 12:06:51.118 [Thread-98] INFO  com.xxl.job.core.thread.ExecutorRegistryThread - >>>>>>>>>>> xxl-job registry error, registryParam:RegistryParam{registGroup='EXECUTOR', registryKey='v-mall', registryValue='172.16.38.108:9999'}
com.xxl.rpc.util.XxlRpcException: xxl-rpc remoting request fail, http HttpStatus[302] invalid.
	at com.xxl.rpc.remoting.invoker.reference.XxlRpcReferenceBean$1.invoke(XxlRpcReferenceBean.java:161)
	at com.sun.proxy.$Proxy68.registry(Unknown Source)
	at com.xxl.job.core.thread.ExecutorRegistryThread$1.run(ExecutorRegistryThread.java:48)
	at java.lang.Thread.run(Thread.java:748)
2019-12-09 12:07:21.124 [Thread-98] INFO  c.x.r.r.invoker.reference.XxlRpcReferenceBean - >>>>>>>>>>> xxl-job, invoke error, address:http://127.0.0.1:8080/xxl-job-admin/api, XxlRpcRequestXxlRpcRequest{requestId='409ba653-f2af-4a29-908e-56cf61507b0c', createMillisTime=1575864441120, accessToken='', className='com.xxl.job.core.biz.AdminBiz', methodName='registry', parameterTypes=[class com.xxl.job.core.biz.model.RegistryParam], parameters=[RegistryParam{registGroup='EXECUTOR', registryKey='v-mall', registryValue='172.16.38.108:9999'}], version='null'}
2019-12-09 12:07:21.125 [Thread-98] INFO  com.xxl.job.core.thread.ExecutorRegistryThread - >>>>>>>>>>> xxl-job registry error, registryParam:RegistryParam{registGroup='EXECUTOR', registryKey='v-mall', registryValue='172.16.38.108:9999'}
com.xxl.rpc.util.XxlRpcException: xxl-rpc remoting request fail, http HttpStatus[302] invalid.
	at com.xxl.rpc.remoting.invoker.reference.XxlRpcReferenceBean$1.invoke(XxlRpcReferenceBean.java:161)
	at com.sun.proxy.$Proxy68.registry(Unknown Source)
	at com.xxl.job.core.thread.ExecutorRegistryThread$1.run(ExecutorRegistryThread.java:48)
	at java.lang.Thread.run(Thread.java:748)
2019-12-09 12:07:51.134 [Thread-98] INFO  c.x.r.r.invoker.reference.XxlRpcReferenceBean - >>>>>>>>>>> xxl-job, invoke error, address:http://127.0.0.1:8080/xxl-job-admin/api, XxlRpcRequestXxlRpcRequest{requestId='ada8d257-c887-4e3e-bfca-f1246cf770db', createMillisTime=1575864471127, accessToken='', className='com.xxl.job.core.biz.AdminBiz', methodName='registry', parameterTypes=[class com.xxl.job.core.biz.model.RegistryParam], parameters=[RegistryParam{registGroup='EXECUTOR', registryKey='v-mall', registryValue='172.16.38.108:9999'}], version='null'}
2019-12-09 12:07:51.135 [Thread-98] INFO  com.xxl.job.core.thread.ExecutorRegistryThread - >>>>>>>>>>> xxl-job registry error, registryParam:RegistryParam{registGroup='EXECUTOR', registryKey='v-mall', registryValue='172.16.38.108:9999'}
com.xxl.rpc.util.XxlRpcException: xxl-rpc remoting request fail, http HttpStatus[302] invalid.
	at com.xxl.rpc.remoting.invoker.reference.XxlRpcReferenceBean$1.invoke(XxlRpcReferenceBean.java:161)
	at com.sun.proxy.$Proxy68.registry(Unknown Source)
	at com.xxl.job.core.thread.ExecutorRegistryThread$1.run(ExecutorRegistryThread.java:48)
	at java.lang.Thread.run(Thread.java:748)
2019-12-09 12:08:05.743 [SpringContextShutdownHook] INFO  o.s.scheduling.concurrent.ThreadPoolTaskExecutor - Shutting down ExecutorService 'applicationTaskExecutor'
2019-12-09 12:08:05.743 [Thread-86] ERROR com.xxl.job.core.thread.TriggerCallbackThread - null
java.lang.InterruptedException: null
	at java.util.concurrent.locks.AbstractQueuedSynchronizer$ConditionObject.reportInterruptAfterWait(AbstractQueuedSynchronizer.java:2014)
	at java.util.concurrent.locks.AbstractQueuedSynchronizer$ConditionObject.await(AbstractQueuedSynchronizer.java:2048)
	at java.util.concurrent.LinkedBlockingQueue.take(LinkedBlockingQueue.java:442)
	at com.xxl.job.core.thread.TriggerCallbackThread$1.run(TriggerCallbackThread.java:65)
	at java.lang.Thread.run(Thread.java:748)
2019-12-09 12:08:05.744 [Thread-86] INFO  com.xxl.job.core.thread.TriggerCallbackThread - >>>>>>>>>>> xxl-job, executor callback thread destory.
2019-12-09 12:08:05.744 [Thread-87] WARN  com.xxl.job.core.thread.TriggerCallbackThread - >>>>>>>>>>> xxl-job, executor retry callback thread interrupted, error msg:sleep interrupted
2019-12-09 12:08:05.744 [Thread-87] INFO  com.xxl.job.core.thread.TriggerCallbackThread - >>>>>>>>>>> xxl-job, executor retry callback thread destory.
2019-12-09 12:08:05.757 [SpringContextShutdownHook] INFO  org.eclipse.jetty.server.AbstractConnector - Stopped ServerConnector@63473b0b{HTTP/1.1,[http/1.1]}{0.0.0.0:9999}
2019-12-09 12:08:05.757 [Thread-98] WARN  com.xxl.job.core.thread.ExecutorRegistryThread - >>>>>>>>>>> xxl-job, executor registry thread interrupted, error msg:sleep interrupted
2019-12-09 12:08:05.757 [Thread-88] ERROR com.xxl.job.core.thread.ExecutorRegistryThread - null
java.lang.InterruptedException: null
	at java.lang.Object.wait(Native Method)
	at java.lang.Thread.join(Thread.java:1252)
	at java.lang.Thread.join(Thread.java:1326)
	at com.xxl.job.core.thread.ExecutorRegistryThread.toStop(ExecutorRegistryThread.java:106)
	at com.xxl.job.core.executor.XxlJobExecutor$ExecutorServiceRegistry.stop(XxlJobExecutor.java:167)
	at com.xxl.rpc.remoting.provider.XxlRpcProviderFactory$2.run(XxlRpcProviderFactory.java:105)
	at com.xxl.rpc.remoting.net.Server.onStoped(Server.java:63)
	at com.xxl.rpc.remoting.net.impl.jetty.server.JettyServer.stop(JettyServer.java:86)
	at com.xxl.rpc.remoting.net.impl.jetty.server.JettyServer$1.run(JettyServer.java:58)
	at java.lang.Thread.run(Thread.java:748)
2019-12-09 12:08:05.758 [Thread-88] INFO  com.xxl.rpc.remoting.net.Server - >>>>>>>>>>> xxl-rpc remoting server destroy success.
2019-12-09 12:08:05.759 [Thread-98] INFO  c.x.r.r.invoker.reference.XxlRpcReferenceBean - >>>>>>>>>>> xxl-job, invoke error, address:http://127.0.0.1:8080/xxl-job-admin/api, XxlRpcRequestXxlRpcRequest{requestId='45cb3cae-5054-468e-83b1-76b17466bfdc', createMillisTime=1575864485758, accessToken='', className='com.xxl.job.core.biz.AdminBiz', methodName='registryRemove', parameterTypes=[class com.xxl.job.core.biz.model.RegistryParam], parameters=[RegistryParam{registGroup='EXECUTOR', registryKey='v-mall', registryValue='172.16.38.108:9999'}], version='null'}
2019-12-09 12:08:05.759 [Thread-98] INFO  com.xxl.job.core.thread.ExecutorRegistryThread - >>>>>>>>>>> xxl-job registry-remove error, registryParam:RegistryParam{registGroup='EXECUTOR', registryKey='v-mall', registryValue='172.16.38.108:9999'}
com.xxl.rpc.util.XxlRpcException: java.lang.InterruptedException
	at com.xxl.rpc.remoting.invoker.reference.XxlRpcReferenceBean$1.invoke(XxlRpcReferenceBean.java:167)
	at com.sun.proxy.$Proxy68.registryRemove(Unknown Source)
	at com.xxl.job.core.thread.ExecutorRegistryThread$1.run(ExecutorRegistryThread.java:77)
	at java.lang.Thread.run(Thread.java:748)
Caused by: java.lang.InterruptedException: null
	at java.util.concurrent.locks.AbstractQueuedSynchronizer.acquireSharedInterruptibly(AbstractQueuedSynchronizer.java:1302)
	at java.util.concurrent.CountDownLatch.await(CountDownLatch.java:231)
	at org.eclipse.jetty.io.ManagedSelector.doStart(ManagedSelector.java:123)
	at org.eclipse.jetty.util.component.AbstractLifeCycle.start(AbstractLifeCycle.java:72)
	at org.eclipse.jetty.util.component.ContainerLifeCycle.start(ContainerLifeCycle.java:169)
	at org.eclipse.jetty.util.component.ContainerLifeCycle.doStart(ContainerLifeCycle.java:117)
	at org.eclipse.jetty.io.SelectorManager.doStart(SelectorManager.java:262)
	at org.eclipse.jetty.util.component.AbstractLifeCycle.start(AbstractLifeCycle.java:72)
	at org.eclipse.jetty.util.component.ContainerLifeCycle.start(ContainerLifeCycle.java:169)
	at org.eclipse.jetty.util.component.ContainerLifeCycle.doStart(ContainerLifeCycle.java:117)
	at org.eclipse.jetty.client.AbstractConnectorHttpClientTransport.doStart(AbstractConnectorHttpClientTransport.java:64)
	at org.eclipse.jetty.util.component.AbstractLifeCycle.start(AbstractLifeCycle.java:72)
	at org.eclipse.jetty.util.component.ContainerLifeCycle.start(ContainerLifeCycle.java:169)
	at org.eclipse.jetty.util.component.ContainerLifeCycle.doStart(ContainerLifeCycle.java:117)
	at org.eclipse.jetty.client.HttpClient.doStart(HttpClient.java:244)
	at org.eclipse.jetty.util.component.AbstractLifeCycle.start(AbstractLifeCycle.java:72)
	at com.xxl.rpc.remoting.net.impl.jetty.client.JettyClient.getJettyHttpClient(JettyClient.java:151)
	at com.xxl.rpc.remoting.net.impl.jetty.client.JettyClient.postRequestAsync(JettyClient.java:53)
	at com.xxl.rpc.remoting.net.impl.jetty.client.JettyClient.asyncSend(JettyClient.java:31)
	at com.xxl.rpc.remoting.invoker.reference.XxlRpcReferenceBean$1.invoke(XxlRpcReferenceBean.java:156)
	... 3 common frames omitted
2019-12-09 12:08:05.759 [Thread-98] INFO  com.xxl.job.core.thread.ExecutorRegistryThread - >>>>>>>>>>> xxl-job, executor registry thread destory.
2019-12-09 12:08:05.760 [SpringContextShutdownHook] INFO  com.xxl.rpc.remoting.net.Server - >>>>>>>>>>> xxl-rpc remoting server destroy success.
2019-12-09 12:08:33.533 [main] WARN  org.springframework.boot.StartupInfoLogger - InetAddress.getLocalHost().getHostName() took 5004 milliseconds to respond. Please verify your network configuration (macOS machines may need to add entries to /etc/hosts).
2019-12-09 12:08:38.541 [main] INFO  com.darjuan.mall.api.MallApp - Starting MallApp on liujianbos-MacBook-Pro.local with PID 19520 (/Users/liujianbo/proj/v-mall/mall-api/target/classes started by liujianbo in /Users/liujianbo/proj/v-mall)
2019-12-09 12:08:38.541 [main] INFO  com.darjuan.mall.api.MallApp - The following profiles are active: dev
2019-12-09 12:08:39.346 [main] INFO  o.s.boot.web.embedded.tomcat.TomcatWebServer - Tomcat initialized with port(s): 8095 (http)
2019-12-09 12:08:39.352 [main] INFO  org.apache.coyote.http11.Http11NioProtocol - Initializing ProtocolHandler ["http-nio-8095"]
2019-12-09 12:08:39.352 [main] INFO  org.apache.catalina.core.StandardService - Starting service [Tomcat]
2019-12-09 12:08:39.352 [main] INFO  org.apache.catalina.core.StandardEngine - Starting Servlet engine: [Apache Tomcat/9.0.29]
2019-12-09 12:08:39.408 [main] INFO  o.a.c.core.ContainerBase.[Tomcat].[localhost].[/] - Initializing Spring embedded WebApplicationContext
2019-12-09 12:08:39.409 [main] INFO  org.springframework.web.context.ContextLoader - Root WebApplicationContext: initialization completed in 713 ms
2019-12-09 12:08:59.762 [main] INFO  com.darjuan.mall.api.config.XxlJobConfig - >>>>>>>>>>> xxl-job config init.
2019-12-09 12:09:04.793 [main] INFO  c.xxl.rpc.remoting.provider.XxlRpcProviderFactory - >>>>>>>>>>> xxl-rpc, provider factory add service success. serviceKey = com.xxl.job.core.biz.ExecutorBiz, serviceBean = class com.xxl.job.core.biz.impl.ExecutorBizImpl
2019-12-09 12:09:04.887 [main] INFO  o.s.scheduling.concurrent.ThreadPoolTaskExecutor - Initializing ExecutorService 'applicationTaskExecutor'
2019-12-09 12:09:05.044 [main] INFO  org.apache.coyote.http11.Http11NioProtocol - Starting ProtocolHandler ["http-nio-8095"]
2019-12-09 12:09:05.055 [main] INFO  o.s.boot.web.embedded.tomcat.TomcatWebServer - Tomcat started on port(s): 8095 (http) with context path ''
2019-12-09 12:09:05.058 [main] INFO  com.darjuan.mall.api.MallApp - Started MallApp in 46.763 seconds (JVM running for 52.467)
2019-12-09 12:09:09.903 [Thread-96] INFO  com.xxl.rpc.remoting.net.Server - >>>>>>>>>>> xxl-rpc remoting server start success, nettype = com.xxl.rpc.remoting.net.impl.netty_http.server.NettyHttpServer, port = 8083
2019-12-09 12:50:47.910 [SpringContextShutdownHook] INFO  o.s.scheduling.concurrent.ThreadPoolTaskExecutor - Shutting down ExecutorService 'applicationTaskExecutor'
2019-12-09 12:50:47.920 [Thread-96] INFO  com.xxl.rpc.remoting.net.Server - >>>>>>>>>>> xxl-rpc remoting server stop.
2019-12-09 12:50:47.934 [xxl-job, executor ExecutorRegistryThread] INFO  com.xxl.job.core.thread.ExecutorRegistryThread - >>>>>>>>>>> xxl-job registry-remove success, registryParam:RegistryParam{registryGroup='EXECUTOR', registryKey='v-mall', registryValue='172.16.38.108:8083'}, registryResult:ReturnT [code=200, msg=null, content=null]
2019-12-09 12:50:47.936 [xxl-job, executor ExecutorRegistryThread] INFO  com.xxl.job.core.thread.ExecutorRegistryThread - >>>>>>>>>>> xxl-job, executor registry thread destory.
2019-12-09 12:50:47.936 [SpringContextShutdownHook] INFO  com.xxl.rpc.remoting.net.Server - >>>>>>>>>>> xxl-rpc remoting server destroy success.
2019-12-09 12:50:47.936 [xxl-job, executor TriggerCallbackThread] INFO  com.xxl.job.core.thread.TriggerCallbackThread - >>>>>>>>>>> xxl-job, executor callback thread destory.
2019-12-09 12:50:47.937 [Thread-85] INFO  com.xxl.job.core.thread.TriggerCallbackThread - >>>>>>>>>>> xxl-job, executor retry callback thread destory.
2019-12-09 12:51:26.722 [main] WARN  org.springframework.boot.StartupInfoLogger - InetAddress.getLocalHost().getHostName() took 5001 milliseconds to respond. Please verify your network configuration (macOS machines may need to add entries to /etc/hosts).
2019-12-09 12:51:31.736 [main] INFO  com.darjuan.mall.api.MallApp - Starting MallApp on liujianbos-MacBook-Pro.local with PID 19923 (/Users/liujianbo/proj/v-mall/mall-api/target/classes started by liujianbo in /Users/liujianbo/proj/v-mall)
2019-12-09 12:51:31.737 [main] INFO  com.darjuan.mall.api.MallApp - The following profiles are active: dev
2019-12-09 12:51:32.693 [main] INFO  o.s.boot.web.embedded.tomcat.TomcatWebServer - Tomcat initialized with port(s): 8095 (http)
2019-12-09 12:51:32.700 [main] INFO  org.apache.coyote.http11.Http11NioProtocol - Initializing ProtocolHandler ["http-nio-8095"]
2019-12-09 12:51:32.701 [main] INFO  org.apache.catalina.core.StandardService - Starting service [Tomcat]
2019-12-09 12:51:32.701 [main] INFO  org.apache.catalina.core.StandardEngine - Starting Servlet engine: [Apache Tomcat/9.0.29]
2019-12-09 12:51:32.796 [main] INFO  o.a.c.core.ContainerBase.[Tomcat].[localhost].[/] - Initializing Spring embedded WebApplicationContext
2019-12-09 12:51:32.797 [main] INFO  org.springframework.web.context.ContextLoader - Root WebApplicationContext: initialization completed in 868 ms
2019-12-09 12:51:53.216 [main] INFO  com.darjuan.mall.api.config.XxlJobConfig - >>>>>>>>>>> xxl-job config init.
2019-12-09 12:51:58.244 [main] INFO  c.xxl.rpc.remoting.provider.XxlRpcProviderFactory - >>>>>>>>>>> xxl-rpc, provider factory add service success. serviceKey = com.xxl.job.core.biz.ExecutorBiz, serviceBean = class com.xxl.job.core.biz.impl.ExecutorBizImpl
2019-12-09 12:51:58.346 [main] INFO  o.s.scheduling.concurrent.ThreadPoolTaskExecutor - Initializing ExecutorService 'applicationTaskExecutor'
2019-12-09 12:51:58.500 [main] INFO  org.apache.coyote.http11.Http11NioProtocol - Starting ProtocolHandler ["http-nio-8095"]
2019-12-09 12:51:58.511 [main] INFO  o.s.boot.web.embedded.tomcat.TomcatWebServer - Tomcat started on port(s): 8095 (http) with context path ''
2019-12-09 12:51:58.514 [main] INFO  com.darjuan.mall.api.MallApp - Started MallApp in 47.109 seconds (JVM running for 52.956)
2019-12-09 12:52:03.360 [Thread-4] INFO  com.xxl.rpc.remoting.net.Server - >>>>>>>>>>> xxl-rpc remoting server start success, nettype = com.xxl.rpc.remoting.net.impl.netty_http.server.NettyHttpServer, port = 8083
2019-12-09 12:53:18.100 [SpringContextShutdownHook] INFO  o.s.scheduling.concurrent.ThreadPoolTaskExecutor - Shutting down ExecutorService 'applicationTaskExecutor'
2019-12-09 12:53:18.102 [Thread-4] INFO  com.xxl.rpc.remoting.net.Server - >>>>>>>>>>> xxl-rpc remoting server stop.
2019-12-09 12:53:18.113 [xxl-job, executor ExecutorRegistryThread] INFO  com.xxl.job.core.thread.ExecutorRegistryThread - >>>>>>>>>>> xxl-job registry-remove success, registryParam:RegistryParam{registryGroup='EXECUTOR', registryKey='v-mall', registryValue='172.16.38.108:8083'}, registryResult:ReturnT [code=200, msg=null, content=null]
2019-12-09 12:53:18.113 [xxl-job, executor ExecutorRegistryThread] INFO  com.xxl.job.core.thread.ExecutorRegistryThread - >>>>>>>>>>> xxl-job, executor registry thread destory.
2019-12-09 12:53:18.113 [SpringContextShutdownHook] INFO  com.xxl.rpc.remoting.net.Server - >>>>>>>>>>> xxl-rpc remoting server destroy success.
2019-12-09 12:53:18.114 [xxl-job, executor TriggerCallbackThread] INFO  com.xxl.job.core.thread.TriggerCallbackThread - >>>>>>>>>>> xxl-job, executor callback thread destory.
2019-12-09 12:53:18.114 [Thread-3] INFO  com.xxl.job.core.thread.TriggerCallbackThread - >>>>>>>>>>> xxl-job, executor retry callback thread destory.
2019-12-09 12:53:42.554 [main] WARN  org.springframework.boot.StartupInfoLogger - InetAddress.getLocalHost().getHostName() took 5005 milliseconds to respond. Please verify your network configuration (macOS machines may need to add entries to /etc/hosts).
2019-12-09 12:53:47.561 [main] INFO  com.darjuan.mall.api.MallApp - Starting MallApp on liujianbos-MacBook-Pro.local with PID 19978 (/Users/liujianbo/proj/v-mall/mall-api/target/classes started by liujianbo in /Users/liujianbo/proj/v-mall)
2019-12-09 12:53:47.562 [main] INFO  com.darjuan.mall.api.MallApp - The following profiles are active: dev
2019-12-09 12:53:49.291 [main] INFO  o.s.boot.web.embedded.tomcat.TomcatWebServer - Tomcat initialized with port(s): 8095 (http)
2019-12-09 12:53:49.301 [main] INFO  org.apache.coyote.http11.Http11NioProtocol - Initializing ProtocolHandler ["http-nio-8095"]
2019-12-09 12:53:49.302 [main] INFO  org.apache.catalina.core.StandardService - Starting service [Tomcat]
2019-12-09 12:53:49.302 [main] INFO  org.apache.catalina.core.StandardEngine - Starting Servlet engine: [Apache Tomcat/9.0.29]
2019-12-09 12:53:49.398 [main] INFO  o.a.c.core.ContainerBase.[Tomcat].[localhost].[/] - Initializing Spring embedded WebApplicationContext
2019-12-09 12:53:49.399 [main] INFO  org.springframework.web.context.ContextLoader - Root WebApplicationContext: initialization completed in 1505 ms
2019-12-09 12:54:09.807 [main] INFO  com.darjuan.mall.api.config.XxlJobConfig - >>>>>>>>>>> xxl-job config init.
2019-12-09 12:54:14.833 [main] INFO  c.xxl.rpc.remoting.provider.XxlRpcProviderFactory - >>>>>>>>>>> xxl-rpc, provider factory add service success. serviceKey = com.xxl.job.core.biz.ExecutorBiz, serviceBean = class com.xxl.job.core.biz.impl.ExecutorBizImpl
2019-12-09 12:54:14.944 [main] INFO  o.s.scheduling.concurrent.ThreadPoolTaskExecutor - Initializing ExecutorService 'applicationTaskExecutor'
2019-12-09 12:54:15.109 [main] INFO  org.apache.coyote.http11.Http11NioProtocol - Starting ProtocolHandler ["http-nio-8095"]
2019-12-09 12:54:15.123 [main] INFO  o.s.boot.web.embedded.tomcat.TomcatWebServer - Tomcat started on port(s): 8095 (http) with context path ''
2019-12-09 12:54:15.126 [main] INFO  com.darjuan.mall.api.MallApp - Started MallApp in 47.842 seconds (JVM running for 53.655)
2019-12-09 12:54:19.973 [Thread-99] INFO  com.xxl.rpc.remoting.net.Server - >>>>>>>>>>> xxl-rpc remoting server start success, nettype = com.xxl.rpc.remoting.net.impl.netty_http.server.NettyHttpServer, port = 9999
2019-12-09 12:56:56.782 [SpringContextShutdownHook] INFO  o.s.scheduling.concurrent.ThreadPoolTaskExecutor - Shutting down ExecutorService 'applicationTaskExecutor'
2019-12-09 12:56:56.786 [Thread-99] INFO  com.xxl.rpc.remoting.net.Server - >>>>>>>>>>> xxl-rpc remoting server stop.
2019-12-09 12:56:56.797 [xxl-job, executor ExecutorRegistryThread] INFO  com.xxl.job.core.thread.ExecutorRegistryThread - >>>>>>>>>>> xxl-job registry-remove success, registryParam:RegistryParam{registryGroup='EXECUTOR', registryKey='v-mall', registryValue='172.16.38.108:9999'}, registryResult:ReturnT [code=200, msg=null, content=null]
2019-12-09 12:56:56.798 [xxl-job, executor ExecutorRegistryThread] INFO  com.xxl.job.core.thread.ExecutorRegistryThread - >>>>>>>>>>> xxl-job, executor registry thread destory.
2019-12-09 12:56:56.798 [SpringContextShutdownHook] INFO  com.xxl.rpc.remoting.net.Server - >>>>>>>>>>> xxl-rpc remoting server destroy success.
2019-12-09 12:56:56.798 [xxl-job, executor JobLogFileCleanThread] INFO  com.xxl.job.core.thread.JobLogFileCleanThread - >>>>>>>>>>> xxl-job, executor JobLogFileCleanThread thread destory.
2019-12-09 12:56:56.798 [xxl-job, executor TriggerCallbackThread] INFO  com.xxl.job.core.thread.TriggerCallbackThread - >>>>>>>>>>> xxl-job, executor callback thread destory.
2019-12-09 12:56:56.799 [Thread-88] INFO  com.xxl.job.core.thread.TriggerCallbackThread - >>>>>>>>>>> xxl-job, executor retry callback thread destory.
2019-12-09 12:57:22.721 [main] WARN  org.springframework.boot.StartupInfoLogger - InetAddress.getLocalHost().getHostName() took 5004 milliseconds to respond. Please verify your network configuration (macOS machines may need to add entries to /etc/hosts).
2019-12-09 12:57:27.734 [main] INFO  com.darjuan.mall.api.MallApp - Starting MallApp on liujianbos-MacBook-Pro.local with PID 20085 (/Users/liujianbo/proj/v-mall/mall-api/target/classes started by liujianbo in /Users/liujianbo/proj/v-mall)
2019-12-09 12:57:27.736 [main] INFO  com.darjuan.mall.api.MallApp - The following profiles are active: dev
2019-12-09 12:57:28.740 [main] INFO  o.s.boot.web.embedded.tomcat.TomcatWebServer - Tomcat initialized with port(s): 8095 (http)
2019-12-09 12:57:28.749 [main] INFO  org.apache.coyote.http11.Http11NioProtocol - Initializing ProtocolHandler ["http-nio-8095"]
2019-12-09 12:57:28.750 [main] INFO  org.apache.catalina.core.StandardService - Starting service [Tomcat]
2019-12-09 12:57:28.750 [main] INFO  org.apache.catalina.core.StandardEngine - Starting Servlet engine: [Apache Tomcat/9.0.29]
2019-12-09 12:57:28.824 [main] INFO  o.a.c.core.ContainerBase.[Tomcat].[localhost].[/] - Initializing Spring embedded WebApplicationContext
2019-12-09 12:57:28.825 [main] INFO  org.springframework.web.context.ContextLoader - Root WebApplicationContext: initialization completed in 866 ms
2019-12-09 12:57:49.221 [main] INFO  com.darjuan.mall.api.config.XxlJobConfig - >>>>>>>>>>> xxl-job config init.
2019-12-09 12:57:54.248 [main] INFO  c.xxl.rpc.remoting.provider.XxlRpcProviderFactory - >>>>>>>>>>> xxl-rpc, provider factory add service success. serviceKey = com.xxl.job.core.biz.ExecutorBiz, serviceBean = class com.xxl.job.core.biz.impl.ExecutorBizImpl
2019-12-09 12:57:54.352 [main] INFO  o.s.scheduling.concurrent.ThreadPoolTaskExecutor - Initializing ExecutorService 'applicationTaskExecutor'
2019-12-09 12:57:54.519 [main] INFO  org.apache.coyote.http11.Http11NioProtocol - Starting ProtocolHandler ["http-nio-8095"]
2019-12-09 12:57:54.535 [main] INFO  o.s.boot.web.embedded.tomcat.TomcatWebServer - Tomcat started on port(s): 8095 (http) with context path ''
2019-12-09 12:57:54.541 [main] INFO  com.darjuan.mall.api.MallApp - Started MallApp in 47.109 seconds (JVM running for 52.839)
2019-12-09 12:57:59.364 [Thread-98] INFO  com.xxl.rpc.remoting.net.Server - >>>>>>>>>>> xxl-rpc remoting server start success, nettype = com.xxl.rpc.remoting.net.impl.netty_http.server.NettyHttpServer, port = 9999
2019-12-09 13:00:59.470 [xxl-job, executor ExecutorRegistryThread] ERROR com.xxl.job.core.util.XxlJobRemotingUtil - Connection refused (Connection refused)
java.net.ConnectException: Connection refused (Connection refused)
	at java.net.PlainSocketImpl.socketConnect(Native Method)
	at java.net.AbstractPlainSocketImpl.doConnect(AbstractPlainSocketImpl.java:350)
	at java.net.AbstractPlainSocketImpl.connectToAddress(AbstractPlainSocketImpl.java:206)
	at java.net.AbstractPlainSocketImpl.connect(AbstractPlainSocketImpl.java:188)
	at java.net.SocksSocketImpl.connect(SocksSocketImpl.java:392)
	at java.net.Socket.connect(Socket.java:589)
	at sun.net.NetworkClient.doConnect(NetworkClient.java:175)
	at sun.net.www.http.HttpClient.openServer(HttpClient.java:463)
	at sun.net.www.http.HttpClient.openServer(HttpClient.java:558)
	at sun.net.www.http.HttpClient.<init>(HttpClient.java:242)
	at sun.net.www.http.HttpClient.New(HttpClient.java:339)
	at sun.net.www.http.HttpClient.New(HttpClient.java:357)
	at sun.net.www.protocol.http.HttpURLConnection.getNewHttpClient(HttpURLConnection.java:1220)
	at sun.net.www.protocol.http.HttpURLConnection.plainConnect0(HttpURLConnection.java:1156)
	at sun.net.www.protocol.http.HttpURLConnection.plainConnect(HttpURLConnection.java:1050)
	at sun.net.www.protocol.http.HttpURLConnection.connect(HttpURLConnection.java:984)
	at com.xxl.job.core.util.XxlJobRemotingUtil.postBody(XxlJobRemotingUtil.java:54)
	at com.xxl.job.core.biz.client.AdminBizClient.registry(AdminBizClient.java:41)
	at com.xxl.job.core.thread.ExecutorRegistryThread$1.run(ExecutorRegistryThread.java:48)
	at java.lang.Thread.run(Thread.java:748)
2019-12-09 13:00:59.473 [xxl-job, executor ExecutorRegistryThread] INFO  com.xxl.job.core.thread.ExecutorRegistryThread - >>>>>>>>>>> xxl-job registry fail, registryParam:RegistryParam{registryGroup='EXECUTOR', registryKey='v-mall', registryValue='172.16.38.108:9999'}, registryResult:ReturnT [code=500, msg=xxl-rpc remoting error(Connection refused (Connection refused)), for url : http://127.0.0.1:8080/xxl-job-admin/api/registry, content=null]
2019-12-09 13:01:30.363 [SpringContextShutdownHook] INFO  o.s.scheduling.concurrent.ThreadPoolTaskExecutor - Shutting down ExecutorService 'applicationTaskExecutor'
2019-12-09 13:01:30.368 [Thread-98] INFO  com.xxl.rpc.remoting.net.Server - >>>>>>>>>>> xxl-rpc remoting server stop.
2019-12-09 13:01:30.384 [xxl-job, executor ExecutorRegistryThread] INFO  com.xxl.job.core.thread.ExecutorRegistryThread - >>>>>>>>>>> xxl-job registry-remove success, registryParam:RegistryParam{registryGroup='EXECUTOR', registryKey='v-mall', registryValue='172.16.38.108:9999'}, registryResult:ReturnT [code=200, msg=null, content=null]
2019-12-09 13:01:30.384 [xxl-job, executor ExecutorRegistryThread] INFO  com.xxl.job.core.thread.ExecutorRegistryThread - >>>>>>>>>>> xxl-job, executor registry thread destory.
2019-12-09 13:01:30.384 [SpringContextShutdownHook] INFO  com.xxl.rpc.remoting.net.Server - >>>>>>>>>>> xxl-rpc remoting server destroy success.
2019-12-09 13:01:30.385 [xxl-job, executor JobLogFileCleanThread] INFO  com.xxl.job.core.thread.JobLogFileCleanThread - >>>>>>>>>>> xxl-job, executor JobLogFileCleanThread thread destory.
2019-12-09 13:01:30.385 [xxl-job, executor TriggerCallbackThread] INFO  com.xxl.job.core.thread.TriggerCallbackThread - >>>>>>>>>>> xxl-job, executor callback thread destory.
2019-12-09 13:01:30.385 [Thread-87] INFO  com.xxl.job.core.thread.TriggerCallbackThread - >>>>>>>>>>> xxl-job, executor retry callback thread destory.
2019-12-09 13:02:02.811 [main] WARN  org.springframework.boot.StartupInfoLogger - InetAddress.getLocalHost().getHostName() took 5005 milliseconds to respond. Please verify your network configuration (macOS machines may need to add entries to /etc/hosts).
2019-12-09 13:02:07.822 [main] INFO  com.darjuan.mall.api.MallApp - Starting MallApp on liujianbos-MacBook-Pro.local with PID 20205 (/Users/liujianbo/proj/v-mall/mall-api/target/classes started by liujianbo in /Users/liujianbo/proj/v-mall)
2019-12-09 13:02:07.823 [main] INFO  com.darjuan.mall.api.MallApp - The following profiles are active: dev
2019-12-09 13:02:08.230 [main] ERROR org.springframework.boot.SpringApplication - Application run failed
java.lang.IllegalStateException: Error processing condition on org.springframework.boot.autoconfigure.context.PropertyPlaceholderAutoConfiguration.propertySourcesPlaceholderConfigurer
	at org.springframework.boot.autoconfigure.condition.SpringBootCondition.matches(SpringBootCondition.java:60)
	at org.springframework.context.annotation.ConditionEvaluator.shouldSkip(ConditionEvaluator.java:108)
	at org.springframework.context.annotation.ConfigurationClassBeanDefinitionReader.loadBeanDefinitionsForBeanMethod(ConfigurationClassBeanDefinitionReader.java:184)
	at org.springframework.context.annotation.ConfigurationClassBeanDefinitionReader.loadBeanDefinitionsForConfigurationClass(ConfigurationClassBeanDefinitionReader.java:144)
	at org.springframework.context.annotation.ConfigurationClassBeanDefinitionReader.loadBeanDefinitions(ConfigurationClassBeanDefinitionReader.java:120)
	at org.springframework.context.annotation.ConfigurationClassPostProcessor.processConfigBeanDefinitions(ConfigurationClassPostProcessor.java:337)
	at org.springframework.context.annotation.ConfigurationClassPostProcessor.postProcessBeanDefinitionRegistry(ConfigurationClassPostProcessor.java:242)
	at org.springframework.context.support.PostProcessorRegistrationDelegate.invokeBeanDefinitionRegistryPostProcessors(PostProcessorRegistrationDelegate.java:275)
	at org.springframework.context.support.PostProcessorRegistrationDelegate.invokeBeanFactoryPostProcessors(PostProcessorRegistrationDelegate.java:95)
	at org.springframework.context.support.AbstractApplicationContext.invokeBeanFactoryPostProcessors(AbstractApplicationContext.java:706)
	at org.springframework.context.support.AbstractApplicationContext.refresh(AbstractApplicationContext.java:532)
	at org.springframework.boot.web.servlet.context.ServletWebServerApplicationContext.refresh(ServletWebServerApplicationContext.java:141)
	at org.springframework.boot.SpringApplication.refresh(SpringApplication.java:747)
	at org.springframework.boot.SpringApplication.refreshContext(SpringApplication.java:397)
	at org.springframework.boot.SpringApplication.run(SpringApplication.java:315)
	at org.springframework.boot.SpringApplication.run(SpringApplication.java:1226)
	at org.springframework.boot.SpringApplication.run(SpringApplication.java:1215)
	at com.darjuan.mall.api.MallApp.main(MallApp.java:31)
Caused by: java.lang.IllegalStateException: Failed to introspect Class [com.darjuan.mall.api.config.XxlJobConfig] from ClassLoader [sun.misc.Launcher$AppClassLoader@18b4aac2]
	at org.springframework.util.ReflectionUtils.getDeclaredMethods(ReflectionUtils.java:481)
	at org.springframework.util.ReflectionUtils.doWithMethods(ReflectionUtils.java:358)
	at org.springframework.util.ReflectionUtils.getUniqueDeclaredMethods(ReflectionUtils.java:414)
	at org.springframework.beans.factory.support.AbstractAutowireCapableBeanFactory.lambda$getTypeForFactoryMethod$2(AbstractAutowireCapableBeanFactory.java:743)
	at java.util.concurrent.ConcurrentHashMap.computeIfAbsent(ConcurrentHashMap.java:1660)
	at org.springframework.beans.factory.support.AbstractAutowireCapableBeanFactory.getTypeForFactoryMethod(AbstractAutowireCapableBeanFactory.java:742)
	at org.springframework.beans.factory.support.AbstractAutowireCapableBeanFactory.determineTargetType(AbstractAutowireCapableBeanFactory.java:681)
	at org.springframework.beans.factory.support.AbstractAutowireCapableBeanFactory.predictBeanType(AbstractAutowireCapableBeanFactory.java:649)
	at org.springframework.beans.factory.support.AbstractBeanFactory.isFactoryBean(AbstractBeanFactory.java:1604)
	at org.springframework.beans.factory.support.DefaultListableBeanFactory.doGetBeanNamesForType(DefaultListableBeanFactory.java:520)
	at org.springframework.beans.factory.support.DefaultListableBeanFactory.getBeanNamesForType(DefaultListableBeanFactory.java:491)
	at org.springframework.boot.autoconfigure.condition.OnBeanCondition.collectBeanNamesForType(OnBeanCondition.java:230)
	at org.springframework.boot.autoconfigure.condition.OnBeanCondition.getBeanNamesForType(OnBeanCondition.java:223)
	at org.springframework.boot.autoconfigure.condition.OnBeanCondition.getBeanNamesForType(OnBeanCondition.java:213)
	at org.springframework.boot.autoconfigure.condition.OnBeanCondition.getMatchingBeans(OnBeanCondition.java:167)
	at org.springframework.boot.autoconfigure.condition.OnBeanCondition.getMatchOutcome(OnBeanCondition.java:142)
	at org.springframework.boot.autoconfigure.condition.SpringBootCondition.matches(SpringBootCondition.java:47)
	... 17 common frames omitted
Caused by: java.lang.NoClassDefFoundError: com/xxl/job/core/executor/impl/XxlJobSpringExecutor
	at java.lang.Class.getDeclaredMethods0(Native Method)
	at java.lang.Class.privateGetDeclaredMethods(Class.java:2701)
	at java.lang.Class.getDeclaredMethods(Class.java:1975)
	at org.springframework.util.ReflectionUtils.getDeclaredMethods(ReflectionUtils.java:463)
	... 33 common frames omitted
Caused by: java.lang.ClassNotFoundException: com.xxl.job.core.executor.impl.XxlJobSpringExecutor
	at java.net.URLClassLoader.findClass(URLClassLoader.java:382)
	at java.lang.ClassLoader.loadClass(ClassLoader.java:424)
	at sun.misc.Launcher$AppClassLoader.loadClass(Launcher.java:349)
	at java.lang.ClassLoader.loadClass(ClassLoader.java:357)
	... 37 common frames omitted
2019-12-09 13:02:08.234 [main] WARN  org.springframework.boot.SpringApplication - Unable to close ApplicationContext
java.lang.IllegalStateException: Failed to introspect Class [com.darjuan.mall.api.config.XxlJobConfig] from ClassLoader [sun.misc.Launcher$AppClassLoader@18b4aac2]
	at org.springframework.util.ReflectionUtils.getDeclaredMethods(ReflectionUtils.java:481)
	at org.springframework.util.ReflectionUtils.doWithMethods(ReflectionUtils.java:358)
	at org.springframework.util.ReflectionUtils.getUniqueDeclaredMethods(ReflectionUtils.java:414)
	at org.springframework.beans.factory.support.AbstractAutowireCapableBeanFactory.lambda$getTypeForFactoryMethod$2(AbstractAutowireCapableBeanFactory.java:743)
	at java.util.concurrent.ConcurrentHashMap.computeIfAbsent(ConcurrentHashMap.java:1660)
	at org.springframework.beans.factory.support.AbstractAutowireCapableBeanFactory.getTypeForFactoryMethod(AbstractAutowireCapableBeanFactory.java:742)
	at org.springframework.beans.factory.support.AbstractAutowireCapableBeanFactory.determineTargetType(AbstractAutowireCapableBeanFactory.java:681)
	at org.springframework.beans.factory.support.AbstractAutowireCapableBeanFactory.predictBeanType(AbstractAutowireCapableBeanFactory.java:649)
	at org.springframework.beans.factory.support.AbstractBeanFactory.isFactoryBean(AbstractBeanFactory.java:1604)
	at org.springframework.beans.factory.support.DefaultListableBeanFactory.doGetBeanNamesForType(DefaultListableBeanFactory.java:520)
	at org.springframework.beans.factory.support.DefaultListableBeanFactory.getBeanNamesForType(DefaultListableBeanFactory.java:491)
	at org.springframework.beans.factory.support.DefaultListableBeanFactory.getBeansOfType(DefaultListableBeanFactory.java:613)
	at org.springframework.beans.factory.support.DefaultListableBeanFactory.getBeansOfType(DefaultListableBeanFactory.java:605)
	at org.springframework.context.support.AbstractApplicationContext.getBeansOfType(AbstractApplicationContext.java:1242)
	at org.springframework.boot.SpringApplication.getExitCodeFromMappedException(SpringApplication.java:869)
	at org.springframework.boot.SpringApplication.getExitCodeFromException(SpringApplication.java:857)
	at org.springframework.boot.SpringApplication.handleExitCode(SpringApplication.java:844)
	at org.springframework.boot.SpringApplication.handleRunFailure(SpringApplication.java:795)
	at org.springframework.boot.SpringApplication.run(SpringApplication.java:325)
	at org.springframework.boot.SpringApplication.run(SpringApplication.java:1226)
	at org.springframework.boot.SpringApplication.run(SpringApplication.java:1215)
	at com.darjuan.mall.api.MallApp.main(MallApp.java:31)
Caused by: java.lang.NoClassDefFoundError: com/xxl/job/core/executor/impl/XxlJobSpringExecutor
	at java.lang.Class.getDeclaredMethods0(Native Method)
	at java.lang.Class.privateGetDeclaredMethods(Class.java:2701)
	at java.lang.Class.getDeclaredMethods(Class.java:1975)
	at org.springframework.util.ReflectionUtils.getDeclaredMethods(ReflectionUtils.java:463)
	... 21 common frames omitted
Caused by: java.lang.ClassNotFoundException: com.xxl.job.core.executor.impl.XxlJobSpringExecutor
	at java.net.URLClassLoader.findClass(URLClassLoader.java:382)
	at java.lang.ClassLoader.loadClass(ClassLoader.java:424)
	at sun.misc.Launcher$AppClassLoader.loadClass(Launcher.java:349)
	at java.lang.ClassLoader.loadClass(ClassLoader.java:357)
	... 25 common frames omitted
2019-12-09 13:05:27.526 [main] WARN  org.springframework.boot.StartupInfoLogger - InetAddress.getLocalHost().getHostName() took 5006 milliseconds to respond. Please verify your network configuration (macOS machines may need to add entries to /etc/hosts).
2019-12-09 13:05:32.541 [main] INFO  com.darjuan.mall.api.MallApp - Starting MallApp on liujianbos-MacBook-Pro.local with PID 20335 (/Users/liujianbo/proj/v-mall/mall-api/target/classes started by liujianbo in /Users/liujianbo/proj/v-mall)
2019-12-09 13:05:32.542 [main] INFO  com.darjuan.mall.api.MallApp - The following profiles are active: dev
2019-12-09 13:05:32.911 [main] INFO  com.darjuan.mall.api.config.JobStartCondition - 是否启动job:true
2019-12-09 13:05:32.927 [main] INFO  com.darjuan.mall.api.config.JobStartCondition - 是否启动job:true
2019-12-09 13:05:33.191 [main] INFO  com.darjuan.mall.api.config.JobStartCondition - 是否启动job:true
2019-12-09 13:05:33.834 [main] INFO  o.s.boot.web.embedded.tomcat.TomcatWebServer - Tomcat initialized with port(s): 8095 (http)
2019-12-09 13:05:33.843 [main] INFO  org.apache.coyote.http11.Http11NioProtocol - Initializing ProtocolHandler ["http-nio-8095"]
2019-12-09 13:05:33.844 [main] INFO  org.apache.catalina.core.StandardService - Starting service [Tomcat]
2019-12-09 13:05:33.844 [main] INFO  org.apache.catalina.core.StandardEngine - Starting Servlet engine: [Apache Tomcat/9.0.29]
2019-12-09 13:05:33.934 [main] INFO  o.a.c.core.ContainerBase.[Tomcat].[localhost].[/] - Initializing Spring embedded WebApplicationContext
2019-12-09 13:05:33.934 [main] INFO  org.springframework.web.context.ContextLoader - Root WebApplicationContext: initialization completed in 1139 ms
2019-12-09 13:05:54.409 [main] INFO  com.darjuan.mall.api.config.XxlJobConfig - >>>>>>>>>>> xxl-job config init.
2019-12-09 13:05:59.448 [main] INFO  c.xxl.rpc.remoting.provider.XxlRpcProviderFactory - >>>>>>>>>>> xxl-rpc, provider factory add service success. serviceKey = com.xxl.job.core.biz.ExecutorBiz, serviceBean = class com.xxl.job.core.biz.impl.ExecutorBizImpl
2019-12-09 13:05:59.580 [main] INFO  o.s.scheduling.concurrent.ThreadPoolTaskExecutor - Initializing ExecutorService 'applicationTaskExecutor'
2019-12-09 13:05:59.819 [main] INFO  org.apache.coyote.http11.Http11NioProtocol - Starting ProtocolHandler ["http-nio-8095"]
2019-12-09 13:05:59.851 [main] INFO  o.s.boot.web.embedded.tomcat.TomcatWebServer - Tomcat started on port(s): 8095 (http) with context path ''
2019-12-09 13:05:59.862 [main] INFO  com.darjuan.mall.api.MallApp - Started MallApp in 47.673 seconds (JVM running for 53.496)
2019-12-09 13:06:04.599 [Thread-99] INFO  com.xxl.rpc.remoting.net.Server - >>>>>>>>>>> xxl-rpc remoting server start success, nettype = com.xxl.rpc.remoting.net.impl.netty_http.server.NettyHttpServer, port = 9999
2019-12-09 13:08:25.920 [SpringContextShutdownHook] INFO  o.s.scheduling.concurrent.ThreadPoolTaskExecutor - Shutting down ExecutorService 'applicationTaskExecutor'
2019-12-09 13:08:25.922 [Thread-99] INFO  com.xxl.rpc.remoting.net.Server - >>>>>>>>>>> xxl-rpc remoting server stop.
2019-12-09 13:08:25.945 [xxl-job, executor ExecutorRegistryThread] INFO  com.xxl.job.core.thread.ExecutorRegistryThread - >>>>>>>>>>> xxl-job registry-remove success, registryParam:RegistryParam{registryGroup='EXECUTOR', registryKey='v-mall', registryValue='172.16.38.108:9999'}, registryResult:ReturnT [code=200, msg=null, content=null]
2019-12-09 13:08:25.945 [xxl-job, executor ExecutorRegistryThread] INFO  com.xxl.job.core.thread.ExecutorRegistryThread - >>>>>>>>>>> xxl-job, executor registry thread destory.
2019-12-09 13:08:25.946 [SpringContextShutdownHook] INFO  com.xxl.rpc.remoting.net.Server - >>>>>>>>>>> xxl-rpc remoting server destroy success.
2019-12-09 13:08:25.946 [xxl-job, executor JobLogFileCleanThread] INFO  com.xxl.job.core.thread.JobLogFileCleanThread - >>>>>>>>>>> xxl-job, executor JobLogFileCleanThread thread destory.
2019-12-09 13:08:25.946 [xxl-job, executor TriggerCallbackThread] INFO  com.xxl.job.core.thread.TriggerCallbackThread - >>>>>>>>>>> xxl-job, executor callback thread destory.
2019-12-09 13:08:25.946 [Thread-88] INFO  com.xxl.job.core.thread.TriggerCallbackThread - >>>>>>>>>>> xxl-job, executor retry callback thread destory.
2019-12-09 13:10:05.706 [main] WARN  org.springframework.boot.StartupInfoLogger - InetAddress.getLocalHost().getHostName() took 5002 milliseconds to respond. Please verify your network configuration (macOS machines may need to add entries to /etc/hosts).
2019-12-09 13:10:10.714 [main] INFO  com.darjuan.mall.api.MallApp - Starting MallApp on liujianbos-MacBook-Pro.local with PID 20441 (/Users/liujianbo/proj/v-mall/mall-api/target/classes started by liujianbo in /Users/liujianbo/proj/v-mall)
2019-12-09 13:10:10.715 [main] INFO  com.darjuan.mall.api.MallApp - The following profiles are active: dev
2019-12-09 13:10:11.085 [main] INFO  com.darjuan.mall.api.config.JobStartCondition - 是否启动job:true
2019-12-09 13:10:11.101 [main] INFO  com.darjuan.mall.api.config.JobStartCondition - 是否启动job:true
2019-12-09 13:10:11.370 [main] INFO  com.darjuan.mall.api.config.JobStartCondition - 是否启动job:true
2019-12-09 13:10:12.017 [main] INFO  o.s.boot.web.embedded.tomcat.TomcatWebServer - Tomcat initialized with port(s): 8095 (http)
2019-12-09 13:10:12.024 [main] INFO  org.apache.coyote.http11.Http11NioProtocol - Initializing ProtocolHandler ["http-nio-8095"]
2019-12-09 13:10:12.024 [main] INFO  org.apache.catalina.core.StandardService - Starting service [Tomcat]
2019-12-09 13:10:12.025 [main] INFO  org.apache.catalina.core.StandardEngine - Starting Servlet engine: [Apache Tomcat/9.0.29]
2019-12-09 13:10:12.110 [main] INFO  o.a.c.core.ContainerBase.[Tomcat].[localhost].[/] - Initializing Spring embedded WebApplicationContext
2019-12-09 13:10:12.110 [main] INFO  org.springframework.web.context.ContextLoader - Root WebApplicationContext: initialization completed in 1136 ms
2019-12-09 13:10:32.595 [main] INFO  com.darjuan.mall.api.config.XxlJobConfig - >>>>>>>>>>> xxl-job config init.
2019-12-09 13:10:37.635 [main] INFO  c.xxl.rpc.remoting.provider.XxlRpcProviderFactory - >>>>>>>>>>> xxl-rpc, provider factory add service success. serviceKey = com.xxl.job.core.biz.ExecutorBiz, serviceBean = class com.xxl.job.core.biz.impl.ExecutorBizImpl
2019-12-09 13:10:37.751 [main] INFO  o.s.scheduling.concurrent.ThreadPoolTaskExecutor - Initializing ExecutorService 'applicationTaskExecutor'
2019-12-09 13:10:37.958 [main] INFO  org.apache.coyote.http11.Http11NioProtocol - Starting ProtocolHandler ["http-nio-8095"]
2019-12-09 13:10:37.973 [main] INFO  o.s.boot.web.embedded.tomcat.TomcatWebServer - Tomcat started on port(s): 8095 (http) with context path ''
2019-12-09 13:10:37.977 [main] INFO  com.darjuan.mall.api.MallApp - Started MallApp in 47.576 seconds (JVM running for 53.411)
2019-12-09 13:10:42.756 [Thread-99] INFO  com.xxl.rpc.remoting.net.Server - >>>>>>>>>>> xxl-rpc remoting server start success, nettype = com.xxl.rpc.remoting.net.impl.netty_http.server.NettyHttpServer, port = 9999
2019-12-09 13:16:26.249 [SpringContextShutdownHook] INFO  o.s.scheduling.concurrent.ThreadPoolTaskExecutor - Shutting down ExecutorService 'applicationTaskExecutor'
2019-12-09 13:16:26.254 [Thread-99] INFO  com.xxl.rpc.remoting.net.Server - >>>>>>>>>>> xxl-rpc remoting server stop.
2019-12-09 13:16:26.269 [xxl-job, executor ExecutorRegistryThread] INFO  com.xxl.job.core.thread.ExecutorRegistryThread - >>>>>>>>>>> xxl-job registry-remove success, registryParam:RegistryParam{registryGroup='EXECUTOR', registryKey='v-mall', registryValue='172.16.38.108:9999'}, registryResult:ReturnT [code=200, msg=null, content=null]
2019-12-09 13:16:26.269 [xxl-job, executor ExecutorRegistryThread] INFO  com.xxl.job.core.thread.ExecutorRegistryThread - >>>>>>>>>>> xxl-job, executor registry thread destory.
2019-12-09 13:16:26.270 [SpringContextShutdownHook] INFO  com.xxl.rpc.remoting.net.Server - >>>>>>>>>>> xxl-rpc remoting server destroy success.
2019-12-09 13:16:26.270 [xxl-job, executor JobLogFileCleanThread] INFO  com.xxl.job.core.thread.JobLogFileCleanThread - >>>>>>>>>>> xxl-job, executor JobLogFileCleanThread thread destory.
2019-12-09 13:16:26.271 [xxl-job, executor TriggerCallbackThread] INFO  com.xxl.job.core.thread.TriggerCallbackThread - >>>>>>>>>>> xxl-job, executor callback thread destory.
2019-12-09 13:16:26.271 [Thread-88] INFO  com.xxl.job.core.thread.TriggerCallbackThread - >>>>>>>>>>> xxl-job, executor retry callback thread destory.
2019-12-09 13:16:52.559 [main] WARN  org.springframework.boot.StartupInfoLogger - InetAddress.getLocalHost().getHostName() took 5003 milliseconds to respond. Please verify your network configuration (macOS machines may need to add entries to /etc/hosts).
2019-12-09 13:16:57.565 [main] INFO  com.darjuan.mall.api.MallApp - Starting MallApp on liujianbos-MacBook-Pro.local with PID 20703 (/Users/liujianbo/proj/v-mall/mall-api/target/classes started by liujianbo in /Users/liujianbo/proj/v-mall)
2019-12-09 13:16:57.566 [main] INFO  com.darjuan.mall.api.MallApp - The following profiles are active: dev
2019-12-09 13:16:57.826 [main] INFO  com.darjuan.mall.api.config.JobStartCondition - 是否启动job:true
2019-12-09 13:16:57.840 [main] INFO  com.darjuan.mall.api.config.JobStartCondition - 是否启动job:true
2019-12-09 13:16:58.020 [main] INFO  com.darjuan.mall.api.config.JobStartCondition - 是否启动job:true
2019-12-09 13:16:58.492 [main] INFO  o.s.boot.web.embedded.tomcat.TomcatWebServer - Tomcat initialized with port(s): 8095 (http)
2019-12-09 13:16:58.499 [main] INFO  org.apache.coyote.http11.Http11NioProtocol - Initializing ProtocolHandler ["http-nio-8095"]
2019-12-09 13:16:58.500 [main] INFO  org.apache.catalina.core.StandardService - Starting service [Tomcat]
2019-12-09 13:16:58.500 [main] INFO  org.apache.catalina.core.StandardEngine - Starting Servlet engine: [Apache Tomcat/9.0.29]
2019-12-09 13:16:58.567 [main] INFO  o.a.c.core.ContainerBase.[Tomcat].[localhost].[/] - Initializing Spring embedded WebApplicationContext
2019-12-09 13:16:58.568 [main] INFO  org.springframework.web.context.ContextLoader - Root WebApplicationContext: initialization completed in 833 ms
2019-12-09 13:17:18.982 [main] INFO  com.darjuan.mall.api.config.XxlJobConfig - >>>>>>>>>>> xxl-job config init.
2019-12-09 13:17:18.987 [main] INFO  com.xxl.job.core.executor.XxlJobExecutor - >>>>>>>>>>> xxl-job register jobhandler success, name:demoJobHandler, jobHandler:com.darjuan.mall.jobs.DemoJobHandler@7bb35cc6
2019-12-09 13:17:24.006 [main] INFO  c.xxl.rpc.remoting.provider.XxlRpcProviderFactory - >>>>>>>>>>> xxl-rpc, provider factory add service success. serviceKey = com.xxl.job.core.biz.ExecutorBiz, serviceBean = class com.xxl.job.core.biz.impl.ExecutorBizImpl
2019-12-09 13:17:24.100 [main] INFO  o.s.scheduling.concurrent.ThreadPoolTaskExecutor - Initializing ExecutorService 'applicationTaskExecutor'
2019-12-09 13:17:24.257 [main] INFO  org.apache.coyote.http11.Http11NioProtocol - Starting ProtocolHandler ["http-nio-8095"]
2019-12-09 13:17:24.268 [main] INFO  o.s.boot.web.embedded.tomcat.TomcatWebServer - Tomcat started on port(s): 8095 (http) with context path ''
2019-12-09 13:17:24.272 [main] INFO  com.darjuan.mall.api.MallApp - Started MallApp in 46.965 seconds (JVM running for 52.771)
2019-12-09 13:17:29.110 [Thread-98] INFO  com.xxl.rpc.remoting.net.Server - >>>>>>>>>>> xxl-rpc remoting server start success, nettype = com.xxl.rpc.remoting.net.impl.netty_http.server.NettyHttpServer, port = 9999
2019-12-09 13:17:47.132 [xxl-rpc, NettyHttpServer-serverHandlerPool-1103044998] INFO  com.xxl.job.core.executor.XxlJobExecutor - >>>>>>>>>>> xxl-job regist JobThread success, jobId:1, handler:com.darjuan.mall.jobs.DemoJobHandler@7bb35cc6
2019-12-09 13:17:47.136 [Thread-105] ERROR com.xxl.job.core.log.XxlJobFileAppender - No such file or directory
java.io.IOException: No such file or directory
	at java.io.UnixFileSystem.createFileExclusively(Native Method)
	at java.io.File.createNewFile(File.java:1012)
	at com.xxl.job.core.log.XxlJobFileAppender.appendLog(XxlJobFileAppender.java:104)
	at com.xxl.job.core.log.XxlJobLogger.logDetail(XxlJobLogger.java:43)
	at com.xxl.job.core.log.XxlJobLogger.log(XxlJobLogger.java:66)
	at com.xxl.job.core.thread.JobThread.run(JobThread.java:124)
2019-12-09 13:17:47.136 [Thread-105] ERROR com.xxl.job.core.log.XxlJobFileAppender - No such file or directory
java.io.IOException: No such file or directory
	at java.io.UnixFileSystem.createFileExclusively(Native Method)
	at java.io.File.createNewFile(File.java:1012)
	at com.xxl.job.core.log.XxlJobFileAppender.appendLog(XxlJobFileAppender.java:104)
	at com.xxl.job.core.log.XxlJobLogger.logDetail(XxlJobLogger.java:43)
	at com.xxl.job.core.log.XxlJobLogger.log(XxlJobLogger.java:66)
	at com.darjuan.mall.jobs.DemoJobHandler.execute(DemoJobHandler.java:20)
	at com.xxl.job.core.thread.JobThread.run(JobThread.java:152)
2019-12-09 13:17:47.137 [Thread-105] ERROR com.xxl.job.core.log.XxlJobFileAppender - No such file or directory
java.io.IOException: No such file or directory
	at java.io.UnixFileSystem.createFileExclusively(Native Method)
	at java.io.File.createNewFile(File.java:1012)
	at com.xxl.job.core.log.XxlJobFileAppender.appendLog(XxlJobFileAppender.java:104)
	at com.xxl.job.core.log.XxlJobLogger.logDetail(XxlJobLogger.java:43)
	at com.xxl.job.core.log.XxlJobLogger.log(XxlJobLogger.java:66)
	at com.darjuan.mall.jobs.DemoJobHandler.execute(DemoJobHandler.java:23)
	at com.xxl.job.core.thread.JobThread.run(JobThread.java:152)
2019-12-09 13:17:49.138 [Thread-105] ERROR com.xxl.job.core.log.XxlJobFileAppender - No such file or directory
java.io.IOException: No such file or directory
	at java.io.UnixFileSystem.createFileExclusively(Native Method)
	at java.io.File.createNewFile(File.java:1012)
	at com.xxl.job.core.log.XxlJobFileAppender.appendLog(XxlJobFileAppender.java:104)
	at com.xxl.job.core.log.XxlJobLogger.logDetail(XxlJobLogger.java:43)
	at com.xxl.job.core.log.XxlJobLogger.log(XxlJobLogger.java:66)
	at com.darjuan.mall.jobs.DemoJobHandler.execute(DemoJobHandler.java:23)
	at com.xxl.job.core.thread.JobThread.run(JobThread.java:152)
2019-12-09 13:17:51.142 [Thread-105] ERROR com.xxl.job.core.log.XxlJobFileAppender - No such file or directory
java.io.IOException: No such file or directory
	at java.io.UnixFileSystem.createFileExclusively(Native Method)
	at java.io.File.createNewFile(File.java:1012)
	at com.xxl.job.core.log.XxlJobFileAppender.appendLog(XxlJobFileAppender.java:104)
	at com.xxl.job.core.log.XxlJobLogger.logDetail(XxlJobLogger.java:43)
	at com.xxl.job.core.log.XxlJobLogger.log(XxlJobLogger.java:66)
	at com.darjuan.mall.jobs.DemoJobHandler.execute(DemoJobHandler.java:23)
	at com.xxl.job.core.thread.JobThread.run(JobThread.java:152)
2019-12-09 13:17:53.144 [Thread-105] ERROR com.xxl.job.core.log.XxlJobFileAppender - No such file or directory
java.io.IOException: No such file or directory
	at java.io.UnixFileSystem.createFileExclusively(Native Method)
	at java.io.File.createNewFile(File.java:1012)
	at com.xxl.job.core.log.XxlJobFileAppender.appendLog(XxlJobFileAppender.java:104)
	at com.xxl.job.core.log.XxlJobLogger.logDetail(XxlJobLogger.java:43)
	at com.xxl.job.core.log.XxlJobLogger.log(XxlJobLogger.java:66)
	at com.darjuan.mall.jobs.DemoJobHandler.execute(DemoJobHandler.java:23)
	at com.xxl.job.core.thread.JobThread.run(JobThread.java:152)
2019-12-09 13:17:55.147 [Thread-105] ERROR com.xxl.job.core.log.XxlJobFileAppender - No such file or directory
java.io.IOException: No such file or directory
	at java.io.UnixFileSystem.createFileExclusively(Native Method)
	at java.io.File.createNewFile(File.java:1012)
	at com.xxl.job.core.log.XxlJobFileAppender.appendLog(XxlJobFileAppender.java:104)
	at com.xxl.job.core.log.XxlJobLogger.logDetail(XxlJobLogger.java:43)
	at com.xxl.job.core.log.XxlJobLogger.log(XxlJobLogger.java:66)
	at com.darjuan.mall.jobs.DemoJobHandler.execute(DemoJobHandler.java:23)
	at com.xxl.job.core.thread.JobThread.run(JobThread.java:152)
2019-12-09 13:17:57.151 [Thread-105] ERROR com.xxl.job.core.log.XxlJobFileAppender - No such file or directory
java.io.IOException: No such file or directory
	at java.io.UnixFileSystem.createFileExclusively(Native Method)
	at java.io.File.createNewFile(File.java:1012)
	at com.xxl.job.core.log.XxlJobFileAppender.appendLog(XxlJobFileAppender.java:104)
	at com.xxl.job.core.log.XxlJobLogger.logDetail(XxlJobLogger.java:43)
	at com.xxl.job.core.log.XxlJobLogger.log(XxlJobLogger.java:66)
	at com.xxl.job.core.thread.JobThread.run(JobThread.java:164)
2019-12-09 13:17:57.187 [xxl-job, executor TriggerCallbackThread] ERROR com.xxl.job.core.log.XxlJobFileAppender - No such file or directory
java.io.IOException: No such file or directory
	at java.io.UnixFileSystem.createFileExclusively(Native Method)
	at java.io.File.createNewFile(File.java:1012)
	at com.xxl.job.core.log.XxlJobFileAppender.appendLog(XxlJobFileAppender.java:104)
	at com.xxl.job.core.log.XxlJobLogger.logDetail(XxlJobLogger.java:43)
	at com.xxl.job.core.log.XxlJobLogger.log(XxlJobLogger.java:66)
	at com.xxl.job.core.thread.TriggerCallbackThread.callbackLog(TriggerCallbackThread.java:190)
	at com.xxl.job.core.thread.TriggerCallbackThread.doCallback(TriggerCallbackThread.java:168)
	at com.xxl.job.core.thread.TriggerCallbackThread.access$200(TriggerCallbackThread.java:24)
	at com.xxl.job.core.thread.TriggerCallbackThread$1.run(TriggerCallbackThread.java:74)
	at java.lang.Thread.run(Thread.java:748)
2019-12-09 13:18:34.069 [SpringContextShutdownHook] INFO  o.s.scheduling.concurrent.ThreadPoolTaskExecutor - Shutting down ExecutorService 'applicationTaskExecutor'
2019-12-09 13:18:34.070 [Thread-98] INFO  com.xxl.rpc.remoting.net.Server - >>>>>>>>>>> xxl-rpc remoting server stop.
2019-12-09 13:18:34.082 [xxl-job, executor ExecutorRegistryThread] INFO  com.xxl.job.core.thread.ExecutorRegistryThread - >>>>>>>>>>> xxl-job registry-remove success, registryParam:RegistryParam{registryGroup='EXECUTOR', registryKey='v-mall', registryValue='172.16.38.108:9999'}, registryResult:ReturnT [code=200, msg=null, content=null]
2019-12-09 13:18:34.082 [xxl-job, executor ExecutorRegistryThread] INFO  com.xxl.job.core.thread.ExecutorRegistryThread - >>>>>>>>>>> xxl-job, executor registry thread destory.
2019-12-09 13:18:34.082 [SpringContextShutdownHook] INFO  com.xxl.rpc.remoting.net.Server - >>>>>>>>>>> xxl-rpc remoting server destroy success.
2019-12-09 13:18:34.082 [xxl-job, executor JobLogFileCleanThread] INFO  com.xxl.job.core.thread.JobLogFileCleanThread - >>>>>>>>>>> xxl-job, executor JobLogFileCleanThread thread destory.
2019-12-09 13:18:34.082 [xxl-job, executor TriggerCallbackThread] INFO  com.xxl.job.core.thread.TriggerCallbackThread - >>>>>>>>>>> xxl-job, executor callback thread destory.
2019-12-09 13:18:34.082 [Thread-105] ERROR com.xxl.job.core.log.XxlJobFileAppender - No such file or directory
java.io.IOException: No such file or directory
	at java.io.UnixFileSystem.createFileExclusively(Native Method)
	at java.io.File.createNewFile(File.java:1012)
	at com.xxl.job.core.log.XxlJobFileAppender.appendLog(XxlJobFileAppender.java:104)
	at com.xxl.job.core.log.XxlJobLogger.logDetail(XxlJobLogger.java:43)
	at com.xxl.job.core.log.XxlJobLogger.log(XxlJobLogger.java:66)
	at com.xxl.job.core.thread.JobThread.run(JobThread.java:175)
2019-12-09 13:18:34.083 [Thread-87] INFO  com.xxl.job.core.thread.TriggerCallbackThread - >>>>>>>>>>> xxl-job, executor retry callback thread destory.
2019-12-09 13:18:34.083 [Thread-105] ERROR com.xxl.job.core.log.XxlJobFileAppender - No such file or directory
java.io.IOException: No such file or directory
	at java.io.UnixFileSystem.createFileExclusively(Native Method)
	at java.io.File.createNewFile(File.java:1012)
	at com.xxl.job.core.log.XxlJobFileAppender.appendLog(XxlJobFileAppender.java:104)
	at com.xxl.job.core.log.XxlJobLogger.logDetail(XxlJobLogger.java:43)
	at com.xxl.job.core.log.XxlJobLogger.log(XxlJobLogger.java:66)
	at com.xxl.job.core.thread.JobThread.run(JobThread.java:183)
2019-12-09 13:18:34.084 [Thread-105] INFO  com.xxl.job.core.thread.JobThread - >>>>>>>>>>> xxl-job JobThread stoped, hashCode:Thread[Thread-105,10,main]
2019-12-09 13:19:25.427 [main] WARN  org.springframework.boot.StartupInfoLogger - InetAddress.getLocalHost().getHostName() took 5004 milliseconds to respond. Please verify your network configuration (macOS machines may need to add entries to /etc/hosts).
2019-12-09 13:19:30.435 [main] INFO  com.darjuan.mall.api.MallApp - Starting MallApp on liujianbos-MacBook-Pro.local with PID 20782 (/Users/liujianbo/proj/v-mall/mall-api/target/classes started by liujianbo in /Users/liujianbo/proj/v-mall)
2019-12-09 13:19:30.436 [main] INFO  com.darjuan.mall.api.MallApp - The following profiles are active: dev
2019-12-09 13:19:30.741 [main] INFO  com.darjuan.mall.api.config.JobStartCondition - 是否启动job:true
2019-12-09 13:19:30.757 [main] INFO  com.darjuan.mall.api.config.JobStartCondition - 是否启动job:true
2019-12-09 13:19:30.940 [main] INFO  com.darjuan.mall.api.config.JobStartCondition - 是否启动job:true
2019-12-09 13:19:31.446 [main] INFO  o.s.boot.web.embedded.tomcat.TomcatWebServer - Tomcat initialized with port(s): 8095 (http)
2019-12-09 13:19:31.454 [main] INFO  org.apache.coyote.http11.Http11NioProtocol - Initializing ProtocolHandler ["http-nio-8095"]
2019-12-09 13:19:31.455 [main] INFO  org.apache.catalina.core.StandardService - Starting service [Tomcat]
2019-12-09 13:19:31.455 [main] INFO  org.apache.catalina.core.StandardEngine - Starting Servlet engine: [Apache Tomcat/9.0.29]
2019-12-09 13:19:31.523 [main] INFO  o.a.c.core.ContainerBase.[Tomcat].[localhost].[/] - Initializing Spring embedded WebApplicationContext
2019-12-09 13:19:31.524 [main] INFO  org.springframework.web.context.ContextLoader - Root WebApplicationContext: initialization completed in 890 ms
2019-12-09 13:19:51.930 [main] INFO  com.darjuan.mall.api.config.XxlJobConfig - >>>>>>>>>>> xxl-job config init.
2019-12-09 13:19:51.935 [main] INFO  com.xxl.job.core.executor.XxlJobExecutor - >>>>>>>>>>> xxl-job register jobhandler success, name:demoJobHandler, jobHandler:com.darjuan.mall.jobs.DemoJobHandler@1b29d52b
2019-12-09 13:19:56.955 [main] INFO  c.xxl.rpc.remoting.provider.XxlRpcProviderFactory - >>>>>>>>>>> xxl-rpc, provider factory add service success. serviceKey = com.xxl.job.core.biz.ExecutorBiz, serviceBean = class com.xxl.job.core.biz.impl.ExecutorBizImpl
2019-12-09 13:19:57.069 [main] INFO  o.s.scheduling.concurrent.ThreadPoolTaskExecutor - Initializing ExecutorService 'applicationTaskExecutor'
2019-12-09 13:19:57.245 [main] INFO  org.apache.coyote.http11.Http11NioProtocol - Starting ProtocolHandler ["http-nio-8095"]
2019-12-09 13:19:57.256 [main] INFO  o.s.boot.web.embedded.tomcat.TomcatWebServer - Tomcat started on port(s): 8095 (http) with context path ''
2019-12-09 13:19:57.260 [main] INFO  com.darjuan.mall.api.MallApp - Started MallApp in 47.097 seconds (JVM running for 53.059)
2019-12-09 13:20:02.083 [Thread-99] INFO  com.xxl.rpc.remoting.net.Server - >>>>>>>>>>> xxl-rpc remoting server start success, nettype = com.xxl.rpc.remoting.net.impl.netty_http.server.NettyHttpServer, port = 9999
2019-12-09 13:23:30.456 [SpringContextShutdownHook] INFO  o.s.scheduling.concurrent.ThreadPoolTaskExecutor - Shutting down ExecutorService 'applicationTaskExecutor'
2019-12-09 13:23:30.460 [Thread-99] INFO  com.xxl.rpc.remoting.net.Server - >>>>>>>>>>> xxl-rpc remoting server stop.
2019-12-09 13:23:30.472 [xxl-job, executor ExecutorRegistryThread] INFO  com.xxl.job.core.thread.ExecutorRegistryThread - >>>>>>>>>>> xxl-job registry-remove success, registryParam:RegistryParam{registryGroup='EXECUTOR', registryKey='v-mall', registryValue='172.16.38.108:9999'}, registryResult:ReturnT [code=200, msg=null, content=null]
2019-12-09 13:23:30.472 [xxl-job, executor ExecutorRegistryThread] INFO  com.xxl.job.core.thread.ExecutorRegistryThread - >>>>>>>>>>> xxl-job, executor registry thread destory.
2019-12-09 13:23:30.472 [SpringContextShutdownHook] INFO  com.xxl.rpc.remoting.net.Server - >>>>>>>>>>> xxl-rpc remoting server destroy success.
2019-12-09 13:23:30.472 [xxl-job, executor JobLogFileCleanThread] INFO  com.xxl.job.core.thread.JobLogFileCleanThread - >>>>>>>>>>> xxl-job, executor JobLogFileCleanThread thread destory.
2019-12-09 13:23:30.473 [xxl-job, executor TriggerCallbackThread] INFO  com.xxl.job.core.thread.TriggerCallbackThread - >>>>>>>>>>> xxl-job, executor callback thread destory.
2019-12-09 13:23:30.473 [Thread-88] INFO  com.xxl.job.core.thread.TriggerCallbackThread - >>>>>>>>>>> xxl-job, executor retry callback thread destory.
